[debug] [2023-07-20T12:50:45.725Z] ----------------------------------------------------------------------
[debug] [2023-07-20T12:50:45.728Z] Command:       C:\Program Files\nodejs\node.exe C:\Program Files\nodejs\node_modules\firebase-tools\lib\bin\firebase.js init
[debug] [2023-07-20T12:50:45.729Z] CLI Version:   12.4.4
[debug] [2023-07-20T12:50:45.729Z] Platform:      win32
[debug] [2023-07-20T12:50:45.729Z] Node Version:  v20.0.0
[debug] [2023-07-20T12:50:45.729Z] Time:          Thu Jul 20 2023 18:20:45 GMT+0530 (India Standard Time)
[debug] [2023-07-20T12:50:45.729Z] ----------------------------------------------------------------------
[debug] 
[debug] [2023-07-20T12:50:45.735Z] >>> [apiv2][query] GET https://firebase-public.firebaseio.com/cli.json [none]
[debug] [2023-07-20T12:50:45.776Z] > command requires scopes: ["email","openid","https://www.googleapis.com/auth/cloudplatformprojects.readonly","https://www.googleapis.com/auth/firebase","https://www.googleapis.com/auth/cloud-platform"]
[debug] [2023-07-20T12:50:45.776Z] > authorizing via signed-in user (sreehari.b6@gmail.com)
[info] 
     ######## #### ########  ######## ########     ###     ######  ########
     ##        ##  ##     ## ##       ##     ##  ##   ##  ##       ##
     ######    ##  ########  ######   ########  #########  ######  ######
     ##        ##  ##    ##  ##       ##     ## ##     ##       ## ##
     ##       #### ##     ## ######## ########  ##     ##  ######  ########

You're about to initialize a Firebase project in this directory:

  C:\react\wheter-report

Before we get started, keep in mind:

  * You are currently outside your home directory

[debug] [2023-07-20T12:50:46.430Z] <<< [apiv2][status] GET https://firebase-public.firebaseio.com/cli.json 200
[debug] [2023-07-20T12:50:46.430Z] <<< [apiv2][body] GET https://firebase-public.firebaseio.com/cli.json {"cloudBuildErrorAfter":1594252800000,"cloudBuildWarnAfter":1590019200000,"defaultNode10After":1594252800000,"minVersion":"3.0.5","node8DeploysDisabledAfter":1613390400000,"node8RuntimeDisabledAfter":1615809600000,"node8WarnAfter":1600128000000}
[info] 
=== Project Setup
[info] 
[info] First, let's associate this project directory with a Firebase project.
[info] You can create multiple project aliases by running firebase use --add, 
[info] but for now we'll just set up a default project.
[info] 
[info] i  If you want to create a project in a Google Cloud organization or folder, please use "firebase projects:create" instead, and return to this command when you've created the project. 
[debug] [2023-07-20T12:52:16.112Z] > refreshing access token with scopes: []
[debug] [2023-07-20T12:52:16.113Z] >>> [apiv2][query] POST https://www.googleapis.com/oauth2/v3/token [none]
[debug] [2023-07-20T12:52:16.113Z] >>> [apiv2][body] POST https://www.googleapis.com/oauth2/v3/token [omitted]
[debug] [2023-07-20T12:52:16.386Z] <<< [apiv2][status] POST https://www.googleapis.com/oauth2/v3/token 200
[debug] [2023-07-20T12:52:16.387Z] <<< [apiv2][body] POST https://www.googleapis.com/oauth2/v3/token [omitted]
[debug] [2023-07-20T12:52:16.420Z] >>> [apiv2][query] POST https://cloudresourcemanager.googleapis.com/v1/projects [none]
[debug] [2023-07-20T12:52:16.420Z] >>> [apiv2][body] POST https://cloudresourcemanager.googleapis.com/v1/projects {"projectId":"whether-report","name":"whether-report"}
[debug] [2023-07-20T12:52:18.091Z] <<< [apiv2][status] POST https://cloudresourcemanager.googleapis.com/v1/projects 409
[debug] [2023-07-20T12:52:18.091Z] <<< [apiv2][body] POST https://cloudresourcemanager.googleapis.com/v1/projects {"error":{"code":409,"message":"Requested entity already exists","status":"ALREADY_EXISTS"}}
[debug] [2023-07-20T12:52:18.101Z] FirebaseError: HTTP Error: 409, Requested entity already exists
    at responseToError (C:\Users\saband\AppData\Roaming\nvm\v20.0.0\node_modules\firebase-tools\lib\responseToError.js:49:12)
    at RetryOperation._fn (C:\Users\saband\AppData\Roaming\nvm\v20.0.0\node_modules\firebase-tools\lib\apiv2.js:289:77)
    at process.processTicksAndRejections (node:internal/process/task_queues:95:5)
[error] 
[error] Error: Failed to create project because there is already a project with ID whether-report. Please try again with a unique project ID.
[debug] [2023-07-20T12:52:28.989Z] ----------------------------------------------------------------------
[debug] [2023-07-20T12:52:28.993Z] Command:       C:\Program Files\nodejs\node.exe C:\Program Files\nodejs\node_modules\firebase-tools\lib\bin\firebase.js init
[debug] [2023-07-20T12:52:28.993Z] CLI Version:   12.4.4
[debug] [2023-07-20T12:52:28.994Z] Platform:      win32
[debug] [2023-07-20T12:52:28.994Z] Node Version:  v20.0.0
[debug] [2023-07-20T12:52:28.994Z] Time:          Thu Jul 20 2023 18:22:28 GMT+0530 (India Standard Time)
[debug] [2023-07-20T12:52:28.994Z] ----------------------------------------------------------------------
[debug] 
[debug] [2023-07-20T12:52:29.002Z] > command requires scopes: ["email","openid","https://www.googleapis.com/auth/cloudplatformprojects.readonly","https://www.googleapis.com/auth/firebase","https://www.googleapis.com/auth/cloud-platform"]
[debug] [2023-07-20T12:52:29.003Z] > authorizing via signed-in user (sreehari.b6@gmail.com)
[info] 
     ######## #### ########  ######## ########     ###     ######  ########
     ##        ##  ##     ## ##       ##     ##  ##   ##  ##       ##
     ######    ##  ########  ######   ########  #########  ######  ######
     ##        ##  ##    ##  ##       ##     ## ##     ##       ## ##
     ##       #### ##     ## ######## ########  ##     ##  ######  ########

You're about to initialize a Firebase project in this directory:

  C:\react\wheter-report

Before we get started, keep in mind:

  * You are currently outside your home directory

[info] 
=== Project Setup
[info] 
[info] First, let's associate this project directory with a Firebase project.
[info] You can create multiple project aliases by running firebase use --add, 
[info] but for now we'll just set up a default project.
[info] 
[info] i  If you want to create a project in a Google Cloud organization or folder, please use "firebase projects:create" instead, and return to this command when you've created the project. 
[debug] [2023-07-20T12:53:13.919Z] >>> [apiv2][query] POST https://cloudresourcemanager.googleapis.com/v1/projects [none]
[debug] [2023-07-20T12:53:13.919Z] >>> [apiv2][body] POST https://cloudresourcemanager.googleapis.com/v1/projects {"projectId":"whether-report","name":"react-whether-report"}
[debug] [2023-07-20T12:53:14.417Z] <<< [apiv2][status] POST https://cloudresourcemanager.googleapis.com/v1/projects 409
[debug] [2023-07-20T12:53:14.417Z] <<< [apiv2][body] POST https://cloudresourcemanager.googleapis.com/v1/projects {"error":{"code":409,"message":"Requested entity already exists","status":"ALREADY_EXISTS"}}
[debug] [2023-07-20T12:53:14.419Z] FirebaseError: HTTP Error: 409, Requested entity already exists
    at responseToError (C:\Users\saband\AppData\Roaming\nvm\v20.0.0\node_modules\firebase-tools\lib\responseToError.js:49:12)
    at RetryOperation._fn (C:\Users\saband\AppData\Roaming\nvm\v20.0.0\node_modules\firebase-tools\lib\apiv2.js:289:77)
    at process.processTicksAndRejections (node:internal/process/task_queues:95:5)
[error] 
[error] Error: Failed to create project because there is already a project with ID whether-report. Please try again with a unique project ID.
[debug] [2023-07-20T12:53:28.015Z] ----------------------------------------------------------------------
[debug] [2023-07-20T12:53:28.019Z] Command:       C:\Program Files\nodejs\node.exe C:\Program Files\nodejs\node_modules\firebase-tools\lib\bin\firebase.js init
[debug] [2023-07-20T12:53:28.019Z] CLI Version:   12.4.4
[debug] [2023-07-20T12:53:28.020Z] Platform:      win32
[debug] [2023-07-20T12:53:28.020Z] Node Version:  v20.0.0
[debug] [2023-07-20T12:53:28.020Z] Time:          Thu Jul 20 2023 18:23:28 GMT+0530 (India Standard Time)
[debug] [2023-07-20T12:53:28.020Z] ----------------------------------------------------------------------
[debug] 
[debug] [2023-07-20T12:53:28.028Z] > command requires scopes: ["email","openid","https://www.googleapis.com/auth/cloudplatformprojects.readonly","https://www.googleapis.com/auth/firebase","https://www.googleapis.com/auth/cloud-platform"]
[debug] [2023-07-20T12:53:28.028Z] > authorizing via signed-in user (sreehari.b6@gmail.com)
[info] 
     ######## #### ########  ######## ########     ###     ######  ########
     ##        ##  ##     ## ##       ##     ##  ##   ##  ##       ##
     ######    ##  ########  ######   ########  #########  ######  ######
     ##        ##  ##    ##  ##       ##     ## ##     ##       ## ##
     ##       #### ##     ## ######## ########  ##     ##  ######  ########

You're about to initialize a Firebase project in this directory:

  C:\react\wheter-report

Before we get started, keep in mind:

  * You are currently outside your home directory

[info] 
=== Project Setup
[info] 
[info] First, let's associate this project directory with a Firebase project.
[info] You can create multiple project aliases by running firebase use --add, 
[info] but for now we'll just set up a default project.
[info] 
[info] i  If you want to create a project in a Google Cloud organization or folder, please use "firebase projects:create" instead, and return to this command when you've created the project. 
[debug] [2023-07-20T12:54:10.652Z] >>> [apiv2][query] POST https://cloudresourcemanager.googleapis.com/v1/projects [none]
[debug] [2023-07-20T12:54:10.652Z] >>> [apiv2][body] POST https://cloudresourcemanager.googleapis.com/v1/projects {"projectId":"whether-report-react-1","name":"react-whether-report-1"}
[debug] [2023-07-20T12:54:12.417Z] <<< [apiv2][status] POST https://cloudresourcemanager.googleapis.com/v1/projects 200
[debug] [2023-07-20T12:54:12.417Z] <<< [apiv2][body] POST https://cloudresourcemanager.googleapis.com/v1/projects {"name":"operations/cp.5098963568075206171"}
[debug] [2023-07-20T12:54:12.419Z] >>> [apiv2][query] GET https://cloudresourcemanager.googleapis.com/v1/operations/cp.5098963568075206171 [none]
[debug] [2023-07-20T12:54:13.970Z] <<< [apiv2][status] GET https://cloudresourcemanager.googleapis.com/v1/operations/cp.5098963568075206171 200
[debug] [2023-07-20T12:54:13.970Z] <<< [apiv2][body] GET https://cloudresourcemanager.googleapis.com/v1/operations/cp.5098963568075206171 {"name":"operations/cp.5098963568075206171","metadata":{"@type":"type.googleapis.com/google.cloudresourcemanager.v1.ProjectCreationStatus","ready":true},"done":true,"error":{"code":8,"message":"The project cannot be created because you have exceeded your allotted project quota.","details":[{"@type":"type.googleapis.com/google.rpc.QuotaFailure","violations":[{"description":"The project cannot be created because you have exceeded your allotted project quota."}]}]}}
[debug] [2023-07-20T12:54:13.972Z] FirebaseError: The project cannot be created because you have exceeded your allotted project quota.
    at OperationPoller.poll (C:\Users\saband\AppData\Roaming\nvm\v20.0.0\node_modules\firebase-tools\lib\operation-poller.js:24:19)
    at process.processTicksAndRejections (node:internal/process/task_queues:95:5)
    at async createCloudProject (C:\Users\saband\AppData\Roaming\nvm\v20.0.0\node_modules\firebase-tools\lib\management\projects.js:186:29)
    at async createFirebaseProjectAndLog (C:\Users\saband\AppData\Roaming\nvm\v20.0.0\node_modules\firebase-tools\lib\management\projects.js:45:9)
    at async promptAndCreateNewProject (C:\Users\saband\AppData\Roaming\nvm\v20.0.0\node_modules\firebase-tools\lib\init\features\project.js:32:12)
    at async doSetup (C:\Users\saband\AppData\Roaming\nvm\v20.0.0\node_modules\firebase-tools\lib\init\features\project.js:88:27)
    at async init (C:\Users\saband\AppData\Roaming\nvm\v20.0.0\node_modules\firebase-tools\lib\init\index.js:41:9)
[error] 
[error] Error: Failed to create project. See firebase-debug.log for more info.
